1529438208519	geckodriver	INFO	geckodriver 0.21.0 (c7d3022be6420de1ca4076d932aa32b299f3ea10 2018-06-14)
1529438208527	geckodriver	INFO	Listening on 127.0.0.1:51585
1529438211543	mozrunner::runner	INFO	Running command: "C:\\Program Files (x86)\\Mozilla Firefox\\firefox.exe" "-marionette" "-foreground" "-no-remote" "-profile" "C:\\Users\\Spencer\\AppData\\Local\\Temp\\rust_mozprofile.HWYyOa60ZdYR"
1529438212153	addons.manager	DEBUG	Application has been upgraded
1529438212231	addons.manager	DEBUG	Loaded provider scope for resource://gre/modules/addons/XPIProvider.jsm: ["XPIProvider"]
1529438212234	addons.manager	DEBUG	Loaded provider scope for resource://gre/modules/LightweightThemeManager.jsm: ["LightweightThemeManager"]
1529438212239	addons.manager	DEBUG	Loaded provider scope for resource://gre/modules/addons/GMPProvider.jsm
1529438212243	addons.manager	DEBUG	Loaded provider scope for resource://gre/modules/addons/PluginProvider.jsm
1529438212244	addons.manager	DEBUG	Starting provider: XPIProvider
1529438212244	addons.xpi	DEBUG	startup
1529438212245	addons.xpi	INFO	Removing all system add-on upgrades.
1529438212248	addons.xpi	INFO	SystemAddonInstallLocation directory is missing
1529438212250	addons.xpi	INFO	Mapping aushelper@mozilla.org to C:\Program Files (x86)\Mozilla Firefox\browser\features\aushelper@mozilla.org.xpi
1529438212251	addons.xpi	INFO	Mapping e10srollout@mozilla.org to C:\Program Files (x86)\Mozilla Firefox\browser\features\e10srollout@mozilla.org.xpi
1529438212251	addons.xpi	INFO	Mapping firefox@getpocket.com to C:\Program Files (x86)\Mozilla Firefox\browser\features\firefox@getpocket.com.xpi
1529438212251	addons.xpi	INFO	Mapping webcompat@mozilla.org to C:\Program Files (x86)\Mozilla Firefox\browser\features\webcompat@mozilla.org.xpi
1529438212252	addons.xpi	INFO	Mapping {972ce4c6-7e08-4474-a285-3208198ce6fd} to C:\Program Files (x86)\Mozilla Firefox\browser\extensions\{972ce4c6-7e08-4474-a285-3208198ce6fd}.xpi
1529438212253	addons.xpi	DEBUG	checkForChanges
1529438212253	addons.xpi	INFO	SystemAddonInstallLocation directory is missing
1529438212253	addons.xpi	DEBUG	Loaded add-on state from prefs: {}
1529438212254	addons.xpi	DEBUG	New add-on aushelper@mozilla.org in app-system-defaults
1529438212255	addons.xpi	DEBUG	getModTime: Recursive scan of aushelper@mozilla.org
1529438212256	addons.xpi	DEBUG	New add-on e10srollout@mozilla.org in app-system-defaults
1529438212257	addons.xpi	DEBUG	getModTime: Recursive scan of e10srollout@mozilla.org
1529438212258	addons.xpi	DEBUG	New add-on firefox@getpocket.com in app-system-defaults
1529438212258	addons.xpi	DEBUG	getModTime: Recursive scan of firefox@getpocket.com
1529438212259	addons.xpi	DEBUG	New add-on webcompat@mozilla.org in app-system-defaults
1529438212259	addons.xpi	DEBUG	getModTime: Recursive scan of webcompat@mozilla.org
1529438212260	addons.xpi	DEBUG	New add-on {972ce4c6-7e08-4474-a285-3208198ce6fd} in app-global
1529438212260	addons.xpi	DEBUG	getModTime: Recursive scan of {972ce4c6-7e08-4474-a285-3208198ce6fd}
1529438212261	addons.xpi	DEBUG	getInstallState changed: true, state: {"app-system-defaults":{"aushelper@mozilla.org":{"d":"C:\\Program Files (x86)\\Mozilla Firefox\\browser\\features\\aushelper@mozilla.org.xpi","st":1492142103000},"e10srollout@mozilla.org":{"d":"C:\\Program Files (x86)\\Mozilla Firefox\\browser\\features\\e10srollout@mozilla.org.xpi","st":1492142103000},"firefox@getpocket.com":{"d":"C:\\Program Files (x86)\\Mozilla Firefox\\browser\\features\\firefox@getpocket.com.xpi","st":1492142103000},"webcompat@mozilla.org":{"d":"C:\\Program Files (x86)\\Mozilla Firefox\\browser\\features\\webcompat@mozilla.org.xpi","st":1492142103000}},"app-global":{"{972ce4c6-7e08-4474-a285-3208198ce6fd}":{"d":"C:\\Program Files (x86)\\Mozilla Firefox\\browser\\extensions\\{972ce4c6-7e08-4474-a285-3208198ce6fd}.xpi","st":1492142103000}}}
1529438212270	addons.xpi-utils	DEBUG	Opening XPI database C:\Users\Spencer\AppData\Local\Temp\rust_mozprofile.HWYyOa60ZdYR\extensions.json
1529438212272	addons.xpi-utils	DEBUG	New add-on aushelper@mozilla.org installed in app-system-defaults
*** Blocklist::_loadBlocklistFromFile: blocklist is disabled
1529438212291	DeferredSave.extensions.json	DEBUG	Save changes
1529438212292	addons.xpi-utils	DEBUG	New add-on e10srollout@mozilla.org installed in app-system-defaults
1529438212303	DeferredSave.extensions.json	DEBUG	Starting timer
1529438212306	DeferredSave.extensions.json	DEBUG	Save changes
1529438212306	addons.xpi-utils	DEBUG	New add-on firefox@getpocket.com installed in app-system-defaults
1529438212330	DeferredSave.extensions.json	DEBUG	Save changes
1529438212331	addons.xpi-utils	DEBUG	New add-on webcompat@mozilla.org installed in app-system-defaults
1529438212340	DeferredSave.extensions.json	DEBUG	Save changes
1529438212341	addons.xpi-utils	DEBUG	New add-on {972ce4c6-7e08-4474-a285-3208198ce6fd} installed in app-global
1529438212351	DeferredSave.extensions.json	DEBUG	Save changes
1529438212351	addons.manager	DEBUG	Registering startup change 'installed' for aushelper@mozilla.org
1529438212359	addons.xpi	DEBUG	Loading bootstrap scope from C:\Program Files (x86)\Mozilla Firefox\browser\features\aushelper@mozilla.org.xpi
1529438212366	addons.xpi	DEBUG	Calling bootstrap method install on aushelper@mozilla.org version 2.0
1529438212366	addons.xpi-utils	DEBUG	Make addon app-system-defaults:aushelper@mozilla.org visible
1529438212367	DeferredSave.extensions.json	DEBUG	Save changes
1529438212368	addons.manager	DEBUG	Registering startup change 'installed' for e10srollout@mozilla.org
1529438212368	addons.xpi	DEBUG	Loading bootstrap scope from C:\Program Files (x86)\Mozilla Firefox\browser\features\e10srollout@mozilla.org.xpi
1529438212370	addons.xpi	DEBUG	Calling bootstrap method install on e10srollout@mozilla.org version 1.14
1529438212371	addons.xpi-utils	DEBUG	Make addon app-system-defaults:e10srollout@mozilla.org visible
1529438212372	DeferredSave.extensions.json	DEBUG	Save changes
1529438212373	addons.manager	DEBUG	Registering startup change 'installed' for firefox@getpocket.com
1529438212374	addons.xpi	DEBUG	Loading bootstrap scope from C:\Program Files (x86)\Mozilla Firefox\browser\features\firefox@getpocket.com.xpi
1529438212377	addons.xpi	DEBUG	Calling bootstrap method install on firefox@getpocket.com version 1.0.5
1529438212377	addons.xpi-utils	DEBUG	Make addon app-system-defaults:firefox@getpocket.com visible
1529438212378	DeferredSave.extensions.json	DEBUG	Save changes
1529438212378	addons.manager	DEBUG	Registering startup change 'installed' for webcompat@mozilla.org
1529438212379	addons.xpi	DEBUG	Loading bootstrap scope from C:\Program Files (x86)\Mozilla Firefox\browser\features\webcompat@mozilla.org.xpi
1529438212382	addons.xpi	DEBUG	Calling bootstrap method install on webcompat@mozilla.org version 1.0
1529438212382	addons.xpi-utils	DEBUG	Make addon app-system-defaults:webcompat@mozilla.org visible
1529438212383	DeferredSave.extensions.json	DEBUG	Save changes
1529438212383	addons.xpi-utils	DEBUG	Make addon app-global:{972ce4c6-7e08-4474-a285-3208198ce6fd} visible
1529438212383	DeferredSave.extensions.json	DEBUG	Save changes
1529438212384	addons.xpi	DEBUG	Updating XPIState for {"id":"aushelper@mozilla.org","syncGUID":"{1a120b93-f475-4980-9e92-c64fb59d809d}","location":"app-system-defaults","version":"2.0","type":"extension","internalName":null,"updateURL":null,"updateKey":null,"optionsURL":null,"optionsType":null,"aboutURL":null,"icons":{},"iconURL":null,"icon64URL":null,"defaultLocale":{"name":"Application Update Service Helper","description":"Sets value(s) in the update url based on custom checks.","creator":null,"homepageURL":null},"visible":true,"active":true,"userDisabled":false,"appDisabled":false,"descriptor":"C:\\Program Files (x86)\\Mozilla Firefox\\browser\\features\\aushelper@mozilla.org.xpi","installDate":1492142103000,"updateDate":1492142103000,"applyBackgroundUpdates":1,"bootstrap":true,"skinnable":false,"size":8486,"sourceURI":null,"releaseNotesURI":null,"softDisabled":false,"foreignInstall":false,"hasBinaryComponents":false,"strictCompatibility":false,"locales":[],"targetApplications":[{"id":"{ec8030f7-c20a-464f-9b0e-13a3a9e97384}","minVersion":"53.0","maxVersion":"53.*"}],"targetPlatforms":[],"multiprocessCompatible":true,"seen":true,"dependencies":[],"hasEmbeddedWebExtension":false,"mpcOptedOut":false,"userPermissions":null}
1529438212384	addons.xpi	DEBUG	getModTime: Recursive scan of aushelper@mozilla.org
1529438212385	addons.xpi	DEBUG	Updating XPIState for {"id":"e10srollout@mozilla.org","syncGUID":"{0be3b991-bf49-4658-870a-1b6de8125cf9}","location":"app-system-defaults","version":"1.14","type":"extension","internalName":null,"updateURL":null,"updateKey":null,"optionsURL":null,"optionsType":null,"aboutURL":null,"icons":{},"iconURL":null,"icon64URL":null,"defaultLocale":{"name":"Multi-process staged rollout","description":"Staged rollout of Firefox multi-process feature.","creator":null,"homepageURL":null},"visible":true,"active":true,"userDisabled":false,"appDisabled":false,"descriptor":"C:\\Program Files (x86)\\Mozilla Firefox\\browser\\features\\e10srollout@mozilla.org.xpi","installDate":1492142103000,"updateDate":1492142103000,"applyBackgroundUpdates":1,"bootstrap":true,"skinnable":false,"size":8476,"sourceURI":null,"releaseNotesURI":null,"softDisabled":false,"foreignInstall":false,"hasBinaryComponents":false,"strictCompatibility":false,"locales":[],"targetApplications":[{"id":"{ec8030f7-c20a-464f-9b0e-13a3a9e97384}","minVersion":"53.0","maxVersion":"53.*"}],"targetPlatforms":[],"multiprocessCompatible":true,"seen":true,"dependencies":[],"hasEmbeddedWebExtension":false,"mpcOptedOut":false,"userPermissions":null}
1529438212385	addons.xpi	DEBUG	getModTime: Recursive scan of e10srollout@mozilla.org
1529438212385	addons.xpi	DEBUG	Updating XPIState for {"id":"firefox@getpocket.com","syncGUID":"{1fa3e646-e307-40dc-a334-ddb9aabf9006}","location":"app-system-defaults","version":"1.0.5","type":"extension","internalName":null,"updateURL":null,"updateKey":null,"optionsURL":null,"optionsType":null,"aboutURL":null,"icons":{},"iconURL":null,"icon64URL":null,"defaultLocale":{"name":"Pocket","description":"When you find something you want to view later, put it in Pocket.","creator":null,"homepageURL":null},"visible":true,"active":true,"userDisabled":false,"appDisabled":false,"descriptor":"C:\\Program Files (x86)\\Mozilla Firefox\\browser\\features\\firefox@getpocket.com.xpi","installDate":1492142103000,"updateDate":1492142103000,"applyBackgroundUpdates":1,"bootstrap":true,"skinnable":false,"size":913563,"sourceURI":null,"releaseNotesURI":null,"softDisabled":false,"foreignInstall":false,"hasBinaryComponents":false,"strictCompatibility":false,"locales":[],"targetApplications":[{"id":"{ec8030f7-c20a-464f-9b0e-13a3a9e97384}","minVersion":"53.0","maxVersion":"53.*"}],"targetPlatforms":[],"multiprocessCompatible":true,"seen":true,"dependencies":[],"hasEmbeddedWebExtension":false,"mpcOptedOut":false,"userPermissions":null}
1529438212385	addons.xpi	DEBUG	getModTime: Recursive scan of firefox@getpocket.com
1529438212386	addons.xpi	DEBUG	Updating XPIState for {"id":"webcompat@mozilla.org","syncGUID":"{b61fba41-fe5c-4f53-ad80-c6143c0a47b6}","location":"app-system-defaults","version":"1.0","type":"extension","internalName":null,"updateURL":null,"updateKey":null,"optionsURL":null,"optionsType":null,"aboutURL":null,"icons":{},"iconURL":null,"icon64URL":null,"defaultLocale":{"name":"Web Compat","description":"Urgent post-release fixes for web compatibility.","creator":null,"homepageURL":null},"visible":true,"active":true,"userDisabled":false,"appDisabled":false,"descriptor":"C:\\Program Files (x86)\\Mozilla Firefox\\browser\\features\\webcompat@mozilla.org.xpi","installDate":1492142103000,"updateDate":1492142103000,"applyBackgroundUpdates":1,"bootstrap":true,"skinnable":false,"size":1454,"sourceURI":null,"releaseNotesURI":null,"softDisabled":false,"foreignInstall":false,"hasBinaryComponents":false,"strictCompatibility":false,"locales":[],"targetApplications":[{"id":"{ec8030f7-c20a-464f-9b0e-13a3a9e97384}","minVersion":"53.0","maxVersion":"53.*"}],"targetPlatforms":[],"multiprocessCompatible":true,"seen":true,"dependencies":[],"hasEmbeddedWebExtension":false,"mpcOptedOut":false,"userPermissions":null}
1529438212386	addons.xpi	DEBUG	getModTime: Recursive scan of webcompat@mozilla.org
1529438212386	addons.xpi	DEBUG	Updating XPIState for {"id":"{972ce4c6-7e08-4474-a285-3208198ce6fd}","syncGUID":"{7d357c89-5139-4c79-8a72-2017f83df9e3}","location":"app-global","version":"53.0","type":"theme","internalName":"classic/1.0","updateURL":null,"updateKey":null,"optionsURL":null,"optionsType":null,"aboutURL":null,"icons":{},"iconURL":"chrome://browser/content/default-theme-icon.svg","icon64URL":null,"defaultLocale":{"name":"Default","description":"The default theme.","creator":"Mozilla","homepageURL":null,"contributors":["Mozilla Contributors"]},"visible":true,"active":true,"userDisabled":false,"appDisabled":false,"descriptor":"C:\\Program Files (x86)\\Mozilla Firefox\\browser\\extensions\\{972ce4c6-7e08-4474-a285-3208198ce6fd}.xpi","installDate":1492142103000,"updateDate":1492142103000,"applyBackgroundUpdates":1,"skinnable":true,"size":8201,"sourceURI":null,"releaseNotesURI":null,"softDisabled":false,"foreignInstall":false,"hasBinaryComponents":false,"strictCompatibility":true,"locales":[],"targetApplications":[{"id":"{ec8030f7-c20a-464f-9b0e-13a3a9e97384}","minVersion":"53.0","maxVersion":"53.0"}],"targetPlatforms":[],"seen":true,"dependencies":[],"hasEmbeddedWebExtension":false,"userPermissions":null}
1529438212386	addons.xpi	DEBUG	getModTime: Recursive scan of {972ce4c6-7e08-4474-a285-3208198ce6fd}
1529438212388	DeferredSave.extensions.json	DEBUG	Save changes
1529438212388	addons.xpi	DEBUG	Updating database with changes to installed add-ons
1529438212388	addons.xpi-utils	DEBUG	Updating add-on states
1529438212389	addons.xpi-utils	DEBUG	Writing add-ons list
1529438212394	addons.xpi	DEBUG	Registering manifest for C:\Program Files (x86)\Mozilla Firefox\browser\features\aushelper@mozilla.org.xpi
1529438212395	addons.xpi	DEBUG	Calling bootstrap method startup on aushelper@mozilla.org version 2.0
1529438212397	addons.xpi	DEBUG	Registering manifest for C:\Program Files (x86)\Mozilla Firefox\browser\features\e10srollout@mozilla.org.xpi
1529438212398	addons.xpi	DEBUG	Calling bootstrap method startup on e10srollout@mozilla.org version 1.14
1529438212399	addons.xpi	DEBUG	Registering manifest for C:\Program Files (x86)\Mozilla Firefox\browser\features\firefox@getpocket.com.xpi
1529438212400	addons.xpi	DEBUG	Calling bootstrap method startup on firefox@getpocket.com version 1.0.5
1529438212401	addons.xpi	DEBUG	Registering manifest for C:\Program Files (x86)\Mozilla Firefox\browser\features\webcompat@mozilla.org.xpi
1529438212401	addons.xpi	DEBUG	Calling bootstrap method startup on webcompat@mozilla.org version 1.0
1529438212404	addons.manager	DEBUG	Registering shutdown blocker for XPIProvider
1529438212404	addons.manager	DEBUG	Provider finished startup: XPIProvider
1529438212404	addons.manager	DEBUG	Starting provider: LightweightThemeManager
1529438212404	addons.manager	DEBUG	Registering shutdown blocker for LightweightThemeManager
1529438212404	addons.manager	DEBUG	Provider finished startup: LightweightThemeManager
1529438212405	addons.manager	DEBUG	Starting provider: GMPProvider
1529438212411	addons.manager	DEBUG	Registering shutdown blocker for GMPProvider
1529438212411	addons.manager	DEBUG	Provider finished startup: GMPProvider
1529438212411	addons.manager	DEBUG	Starting provider: PluginProvider
1529438212412	addons.manager	DEBUG	Registering shutdown blocker for PluginProvider
1529438212412	addons.manager	DEBUG	Provider finished startup: PluginProvider
1529438212412	addons.manager	DEBUG	Completed startup sequence
1529438212901	addons.manager	DEBUG	Starting provider: <unnamed-provider>
1529438212901	addons.manager	DEBUG	Registering shutdown blocker for <unnamed-provider>
1529438212901	addons.manager	DEBUG	Provider finished startup: <unnamed-provider>
1529438212904	DeferredSave.extensions.json	DEBUG	Starting write
1529438213179	addons.repository	DEBUG	No addons.json found.
1529438213181	DeferredSave.addons.json	DEBUG	Save changes
1529438213185	DeferredSave.addons.json	DEBUG	Starting timer
1529438213241	addons.manager	DEBUG	Starting provider: PreviousExperimentProvider
1529438213241	addons.manager	DEBUG	Registering shutdown blocker for PreviousExperimentProvider
1529438213242	addons.manager	DEBUG	Provider finished startup: PreviousExperimentProvider
1529438213244	DeferredSave.extensions.json	DEBUG	Write succeeded
1529438213246	addons.xpi-utils	DEBUG	XPI Database saved, setting schema version preference to 19
1529438213247	DeferredSave.addons.json	DEBUG	Starting write
1529438213280	DeferredSave.addons.json	DEBUG	Write succeeded
1529438214660	Marionette	INFO	Listening on port 2828
[Child 1228] WARNING: pipe error: 109: file c:/builds/moz2_slave/m-rel-w32-00000000000000000000/build/src/ipc/chromium/src/chrome/common/ipc_channel_win.cc, line 346
[Child 1228] WARNING: pipe error: 1529438273985	addons.productaddons	INFO	sending request to: https://aus5.mozilla.org/update/3/GMP/53.0/20170413192749/WINNT_x86-msvc-x64/en-US/release/Windows_NT%2010.0.0.0%20(x64)/default/default/update.xml
1529438274316	addons.productaddons	INFO	Completed downloading document
1529438274722	addons.productaddons	INFO	downloadXHR File download. status=200
1529438274726	addons.productaddons	INFO	Downloaded file will be saved to C:\Users\Spencer\AppData\Local\Temp\tmpaddon
1529438276497	addons.productaddons	INFO	downloadXHR File download. status=200
1529438276501	addons.productaddons	INFO	Downloaded file will be saved to C:\Users\Spencer\AppData\Local\Temp\tmpaddon
1529438334392	addons.xpi	DEBUG	Calling bootstrap method shutdown on webcompat@mozilla.org version 1.0
1529438334392	addons.xpi	DEBUG	Calling bootstrap method shutdown on firefox@getpocket.com version 1.0.5
1529438334393	addons.xpi	DEBUG	Calling bootstrap method shutdown on e10srollout@mozilla.org version 1.14
1529438334394	addons.xpi	DEBUG	Calling bootstrap method shutdown on aushelper@mozilla.org version 2.0
[GPU 9528] WARNING: pipe error: 109: file c:/builds/moz2_slave/m-rel-w32-00000000000000000000/build/src/ipc/chromium/src/chrome/common/ipc_channel_win.cc, line 346
1529438334620	addons.manager	DEBUG	shutdown
1529438334621	addons.manager	DEBUG	Calling shutdown blocker for XPIProvider
1529438334621	addons.xpi	DEBUG	shutdown
1529438334621	addons.xpi-utils	DEBUG	shutdown
1529438334622	addons.manager	DEBUG	Calling shutdown blocker for LightweightThemeManager
1529438334622	addons.manager	DEBUG	Calling shutdown blocker for GMPProvider
1529438334624	addons.manager	DEBUG	Calling shutdown blocker for PluginProvider
1529438334624	addons.manager	DEBUG	Calling shutdown blocker for <unnamed-provider>
1529438334625	addons.manager	DEBUG	Calling shutdown blocker for PreviousExperimentProvider
1529438334628	addons.xpi	DEBUG	Notifying XPI shutdown observers
1529438334631	addons.manager	DEBUG	Async provider shutdown done

###!!! [Child][MessageChannel::SendAndWait] Error: Channel error: cannot send/recv

1529438761251	geckodriver	INFO	geckodriver 0.21.0 (c7d3022be6420de1ca4076d932aa32b299f3ea10 2018-06-14)
1529438761261	geckodriver	INFO	Listening on 127.0.0.1:51804
1529438764262	mozrunner::runner	INFO	Running command: "C:\\Program Files (x86)\\Mozilla Firefox\\firefox.exe" "-marionette" "-foreground" "-no-remote" "-profile" "C:\\Users\\Spencer\\AppData\\Local\\Temp\\rust_mozprofile.08HZvKfzUejE"
1529438931508	geckodriver	INFO	geckodriver 0.21.0 (c7d3022be6420de1ca4076d932aa32b299f3ea10 2018-06-14)
1529438931518	geckodriver	INFO	Listening on 127.0.0.1:51898
1529438934531	mozrunner::runner	INFO	Running command: "C:\\Program Files (x86)\\Mozilla Firefox\\firefox.exe" "-marionette" "-foreground" "-no-remote" "-profile" "C:\\Users\\Spencer\\AppData\\Local\\Temp\\rust_mozprofile.d6LBHNi6PxFj"
1529438934897	addons.manager	DEBUG	Application has been upgraded
1529438934920	addons.manager	DEBUG	Loaded provider scope for resource://gre/modules/addons/XPIProvider.jsm: ["XPIProvider", "XPIInternal"]
1529438934923	addons.manager	DEBUG	Loaded provider scope for resource://gre/modules/LightweightThemeManager.jsm: ["LightweightThemeManager"]
1529438934945	addons.manager	DEBUG	Loaded provider scope for resource://gre/modules/addons/GMPProvider.jsm
1529438934947	addons.manager	DEBUG	Loaded provider scope for resource://gre/modules/addons/PluginProvider.jsm
1529438934947	addons.manager	DEBUG	Starting provider: XPIProvider
1529438934948	addons.xpi	DEBUG	startup
1529438934948	addons.xpi	INFO	SystemAddonInstallLocation directory is missing
1529438934948	addons.xpi	INFO	Removing all system add-on upgrades.
1529438934949	addons.xpi	DEBUG	checkForChanges
1529438934949	addons.xpi	WARN	Error parsing extensions state: [Exception... "Component returned failure code: 0x80520012 (NS_ERROR_FILE_NOT_FOUND) [amIAddonManagerStartup.readStartupData]"  nsresult: "0x80520012 (NS_ERROR_FILE_NOT_FOUND)"  location: "JS frame :: resource://gre/modules/addons/XPIProvider.jsm :: loadExtensionState :: line 1554"  data: no] Stack trace: loadExtensionState()@resource://gre/modules/addons/XPIProvider.jsm:1554 < getInstallState()@resource://gre/modules/addons/XPIProvider.jsm:1589 < checkForChanges()@resource://gre/modules/addons/XPIProvider.jsm:3109 < startup()@resource://gre/modules/addons/XPIProvider.jsm:2188 < callProvider()@resource://gre/modules/AddonManager.jsm:269 < _startProvider()@resource://gre/modules/AddonManager.jsm:739 < startup()@resource://gre/modules/AddonManager.jsm:906 < startup()@resource://gre/modules/AddonManager.jsm:3090 < observe()@jar:file:///C:/Program%20Files%20(x86)/Mozilla%20Firefox/omni.ja!/components/addonManager.js:65
1529438934951	addons.xpi	DEBUG	Loaded add-on state: ${}
1529438934952	addons.xpi	INFO	Mapping activity-stream@mozilla.org to C:\Program Files (x86)\Mozilla Firefox\browser\features\activity-stream@mozilla.org.xpi
1529438934952	addons.xpi	INFO	Mapping aushelper@mozilla.org to C:\Program Files (x86)\Mozilla Firefox\browser\features\aushelper@mozilla.org.xpi
1529438934953	addons.xpi	INFO	Mapping clicktoplay-rollout@mozilla.org to C:\Program Files (x86)\Mozilla Firefox\browser\features\clicktoplay-rollout@mozilla.org.xpi
1529438934953	addons.xpi	INFO	Mapping e10srollout@mozilla.org to C:\Program Files (x86)\Mozilla Firefox\browser\features\e10srollout@mozilla.org.xpi
1529438934953	addons.xpi	INFO	Mapping firefox@getpocket.com to C:\Program Files (x86)\Mozilla Firefox\browser\features\firefox@getpocket.com.xpi
1529438934953	addons.xpi	INFO	Mapping followonsearch@mozilla.com to C:\Program Files (x86)\Mozilla Firefox\browser\features\followonsearch@mozilla.com.xpi
1529438934953	addons.xpi	INFO	Mapping formautofill@mozilla.org to C:\Program Files (x86)\Mozilla Firefox\browser\features\formautofill@mozilla.org.xpi
1529438934953	addons.xpi	INFO	Mapping onboarding@mozilla.org to C:\Program Files (x86)\Mozilla Firefox\browser\features\onboarding@mozilla.org.xpi
1529438934954	addons.xpi	INFO	Mapping screenshots@mozilla.org to C:\Program Files (x86)\Mozilla Firefox\browser\features\screenshots@mozilla.org.xpi
1529438934954	addons.xpi	INFO	Mapping shield-recipe-client@mozilla.org to C:\Program Files (x86)\Mozilla Firefox\browser\features\shield-recipe-client@mozilla.org.xpi
1529438934954	addons.xpi	INFO	Mapping webcompat@mozilla.org to C:\Program Files (x86)\Mozilla Firefox\browser\features\webcompat@mozilla.org.xpi
1529438934954	addons.xpi	DEBUG	New add-on activity-stream@mozilla.org in app-system-defaults
1529438934955	addons.xpi	INFO	Mapping activity-stream@mozilla.org to C:\Program Files (x86)\Mozilla Firefox\browser\features\activity-stream@mozilla.org.xpi
1529438934955	addons.xpi	DEBUG	New add-on aushelper@mozilla.org in app-system-defaults
1529438934956	addons.xpi	INFO	Mapping aushelper@mozilla.org to C:\Program Files (x86)\Mozilla Firefox\browser\features\aushelper@mozilla.org.xpi
1529438934956	addons.xpi	DEBUG	New add-on clicktoplay-rollout@mozilla.org in app-system-defaults
1529438934956	addons.xpi	INFO	Mapping clicktoplay-rollout@mozilla.org to C:\Program Files (x86)\Mozilla Firefox\browser\features\clicktoplay-rollout@mozilla.org.xpi
1529438934956	addons.xpi	DEBUG	New add-on e10srollout@mozilla.org in app-system-defaults
1529438934957	addons.xpi	INFO	Mapping e10srollout@mozilla.org to C:\Program Files (x86)\Mozilla Firefox\browser\features\e10srollout@mozilla.org.xpi
1529438934957	addons.xpi	DEBUG	New add-on firefox@getpocket.com in app-system-defaults
1529438934957	addons.xpi	INFO	Mapping firefox@getpocket.com to C:\Program Files (x86)\Mozilla Firefox\browser\features\firefox@getpocket.com.xpi
1529438934957	addons.xpi	DEBUG	New add-on followonsearch@mozilla.com in app-system-defaults
1529438934957	addons.xpi	INFO	Mapping followonsearch@mozilla.com to C:\Program Files (x86)\Mozilla Firefox\browser\features\followonsearch@mozilla.com.xpi
1529438934957	addons.xpi	DEBUG	New add-on formautofill@mozilla.org in app-system-defaults
1529438934958	addons.xpi	INFO	Mapping formautofill@mozilla.org to C:\Program Files (x86)\Mozilla Firefox\browser\features\formautofill@mozilla.org.xpi
1529438934958	addons.xpi	DEBUG	New add-on onboarding@mozilla.org in app-system-defaults
1529438934958	addons.xpi	INFO	Mapping onboarding@mozilla.org to C:\Program Files (x86)\Mozilla Firefox\browser\features\onboarding@mozilla.org.xpi
1529438934958	addons.xpi	DEBUG	New add-on screenshots@mozilla.org in app-system-defaults
1529438934958	addons.xpi	INFO	Mapping screenshots@mozilla.org to C:\Program Files (x86)\Mozilla Firefox\browser\features\screenshots@mozilla.org.xpi
1529438934958	addons.xpi	DEBUG	New add-on shield-recipe-client@mozilla.org in app-system-defaults
1529438934958	addons.xpi	INFO	Mapping shield-recipe-client@mozilla.org to C:\Program Files (x86)\Mozilla Firefox\browser\features\shield-recipe-client@mozilla.org.xpi
1529438934959	addons.xpi	DEBUG	New add-on webcompat@mozilla.org in app-system-defaults
1529438934959	addons.xpi	INFO	Mapping webcompat@mozilla.org to C:\Program Files (x86)\Mozilla Firefox\browser\features\webcompat@mozilla.org.xpi
1529438934960	addons.xpi	INFO	Mapping {972ce4c6-7e08-4474-a285-3208198ce6fd} to C:\Program Files (x86)\Mozilla Firefox\browser\extensions\{972ce4c6-7e08-4474-a285-3208198ce6fd}.xpi
1529438934960	addons.xpi	DEBUG	New add-on {972ce4c6-7e08-4474-a285-3208198ce6fd} in app-global
1529438934960	addons.xpi	INFO	Mapping {972ce4c6-7e08-4474-a285-3208198ce6fd} to C:\Program Files (x86)\Mozilla Firefox\browser\extensions\{972ce4c6-7e08-4474-a285-3208198ce6fd}.xpi
1529438934960	addons.xpi	DEBUG	getInstallState changed: true, state: {}
1529438934960	addons.xpi	INFO	SystemAddonInstallLocation directory is missing
1529438934966	addons.xpi-utils	DEBUG	Opening XPI database C:\Users\Spencer\AppData\Local\Temp\rust_mozprofile.d6LBHNi6PxFj\extensions.json
1529438934967	addons.xpi-utils	DEBUG	New add-on activity-stream@mozilla.org installed in app-system-defaults
*** Blocklist::_loadBlocklistFromFile: blocklist is disabled
1529438934988	DeferredSave.extensions.json	DEBUG	Save changes
1529438934989	addons.xpi-utils	DEBUG	New add-on aushelper@mozilla.org installed in app-system-defaults
1529438934990	DeferredSave.extensions.json	DEBUG	Starting timer
1529438934992	DeferredSave.extensions.json	DEBUG	Save changes
1529438934992	addons.xpi-utils	DEBUG	New add-on clicktoplay-rollout@mozilla.org installed in app-system-defaults
1529438934995	DeferredSave.extensions.json	DEBUG	Save changes
1529438934995	addons.xpi-utils	DEBUG	New add-on e10srollout@mozilla.org installed in app-system-defaults
1529438934998	DeferredSave.extensions.json	DEBUG	Save changes
1529438934998	addons.xpi-utils	DEBUG	New add-on firefox@getpocket.com installed in app-system-defaults
1529438935001	DeferredSave.extensions.json	DEBUG	Save changes
1529438935001	addons.xpi-utils	DEBUG	New add-on followonsearch@mozilla.com installed in app-system-defaults
1529438935004	DeferredSave.extensions.json	DEBUG	Save changes
1529438935004	addons.xpi-utils	DEBUG	New add-on formautofill@mozilla.org installed in app-system-defaults
1529438935007	DeferredSave.extensions.json	DEBUG	Save changes
1529438935007	addons.xpi-utils	DEBUG	New add-on onboarding@mozilla.org installed in app-system-defaults
1529438935009	DeferredSave.extensions.json	DEBUG	Save changes
1529438935009	addons.xpi-utils	DEBUG	New add-on screenshots@mozilla.org installed in app-system-defaults
1529438935013	DeferredSave.extensions.json	DEBUG	Save changes
1529438935013	addons.xpi-utils	DEBUG	New add-on shield-recipe-client@mozilla.org installed in app-system-defaults
1529438935015	DeferredSave.extensions.json	DEBUG	Save changes
1529438935016	addons.xpi-utils	DEBUG	New add-on webcompat@mozilla.org installed in app-system-defaults
1529438935019	DeferredSave.extensions.json	DEBUG	Save changes
1529438935020	addons.xpi-utils	DEBUG	New add-on {972ce4c6-7e08-4474-a285-3208198ce6fd} installed in app-global
1529438935022	DeferredSave.extensions.json	DEBUG	Save changes
1529438935022	addons.manager	DEBUG	Registering startup change 'installed' for activity-stream@mozilla.org
1529438935029	addons.xpi	DEBUG	Loading bootstrap scope from C:\Program Files (x86)\Mozilla Firefox\browser\features\activity-stream@mozilla.org.xpi
1529438935032	addons.xpi	DEBUG	Calling bootstrap method install on activity-stream@mozilla.org version 0.0.0
1529438935032	addons.xpi-utils	DEBUG	Make addon app-system-defaults:activity-stream@mozilla.org visible
1529438935032	addons.xpi	DEBUG	Updating XPIState for {"id":"activity-stream@mozilla.org","syncGUID":"{c89d2638-c40e-47d6-84ae-2ae4cef7c197}","location":"app-system-defaults","version":"0.0.0","type":"extension","internalName":null,"updateURL":null,"updateKey":null,"optionsURL":null,"optionsType":null,"aboutURL":null,"defaultLocale":{"name":"Activity Stream","description":"A rich visual history feed and a reimagined home page make it easier than ever to find exactly what you're looking for in Firefox.","creator":null,"homepageURL":null},"visible":true,"active":false,"userDisabled":false,"appDisabled":false,"installDate":1529438575826,"updateDate":1529438575826,"applyBackgroundUpdates":1,"bootstrap":true,"path":"C:\\Program Files (x86)\\Mozilla Firefox\\browser\\features\\activity-stream@mozilla.org.xpi","skinnable":false,"size":1280296,"sourceURI":null,"releaseNotesURI":null,"softDisabled":false,"foreignInstall":false,"hasBinaryComponents":false,"strictCompatibility":false,"locales":[],"targetApplications":[{"id":"{ec8030f7-c20a-464f-9b0e-13a3a9e97384}","minVersion":"56.0","maxVersion":"56.*"}],"targetPlatforms":[],"multiprocessCompatible":true,"seen":true,"dependencies":[],"hasEmbeddedWebExtension":false,"mpcOptedOut":false,"userPermissions":null,"icons":{},"iconURL":null,"icon64URL":null,"blocklistState":0,"blocklistURL":null}
1529438935034	DeferredSave.extensions.json	DEBUG	Save changes
1529438935034	addons.manager	DEBUG	Registering startup change 'installed' for aushelper@mozilla.org
1529438935035	addons.xpi	DEBUG	Loading bootstrap scope from C:\Program Files (x86)\Mozilla Firefox\browser\features\aushelper@mozilla.org.xpi
1529438935037	addons.xpi	DEBUG	Calling bootstrap method install on aushelper@mozilla.org version 2.0
1529438935037	addons.xpi-utils	DEBUG	Make addon app-system-defaults:aushelper@mozilla.org visible
1529438935037	addons.xpi	DEBUG	Updating XPIState for {"id":"aushelper@mozilla.org","syncGUID":"{50724e62-0ad6-4a7a-99b6-90eeb8b732d3}","location":"app-system-defaults","version":"2.0","type":"extension","internalName":null,"updateURL":null,"updateKey":null,"optionsURL":null,"optionsType":null,"aboutURL":null,"defaultLocale":{"name":"Application Update Service Helper","description":"Sets value(s) in the update url based on custom checks.","creator":null,"homepageURL":null},"visible":true,"active":false,"userDisabled":false,"appDisabled":false,"installDate":1529438575756,"updateDate":1529438575756,"applyBackgroundUpdates":1,"bootstrap":true,"path":"C:\\Program Files (x86)\\Mozilla Firefox\\browser\\features\\aushelper@mozilla.org.xpi","skinnable":false,"size":8486,"sourceURI":null,"releaseNotesURI":null,"softDisabled":false,"foreignInstall":false,"hasBinaryComponents":false,"strictCompatibility":false,"locales":[],"targetApplications":[{"id":"{ec8030f7-c20a-464f-9b0e-13a3a9e97384}","minVersion":"56.0","maxVersion":"56.*"}],"targetPlatforms":[],"multiprocessCompatible":true,"seen":true,"dependencies":[],"hasEmbeddedWebExtension":false,"mpcOptedOut":false,"userPermissions":null,"icons":{},"iconURL":null,"icon64URL":null,"blocklistState":0,"blocklistURL":null}
1529438935037	DeferredSave.extensions.json	DEBUG	Save changes
1529438935038	addons.manager	DEBUG	Registering startup change 'installed' for clicktoplay-rollout@mozilla.org
1529438935038	addons.xpi	DEBUG	Loading bootstrap scope from C:\Program Files (x86)\Mozilla Firefox\browser\features\clicktoplay-rollout@mozilla.org.xpi
1529438935047	addons.xpi	DEBUG	Calling bootstrap method install on clicktoplay-rollout@mozilla.org version 1.4
1529438935047	addons.xpi-utils	DEBUG	Make addon app-system-defaults:clicktoplay-rollout@mozilla.org visible
1529438935047	addons.xpi	DEBUG	Updating XPIState for {"id":"clicktoplay-rollout@mozilla.org","syncGUID":"{9068ab25-9206-48a9-aea8-ab6743eb45f3}","location":"app-system-defaults","version":"1.4","type":"extension","internalName":null,"updateURL":null,"updateKey":null,"optionsURL":null,"optionsType":null,"aboutURL":null,"defaultLocale":{"name":"Click-to-Play staged rollout","description":"Staged rollout for Click-to-Play Flash.","creator":null,"homepageURL":null},"visible":true,"active":false,"userDisabled":false,"appDisabled":false,"installDate":1529438575747,"updateDate":1529438575747,"applyBackgroundUpdates":1,"bootstrap":true,"path":"C:\\Program Files (x86)\\Mozilla Firefox\\browser\\features\\clicktoplay-rollout@mozilla.org.xpi","skinnable":false,"size":5779,"sourceURI":null,"releaseNotesURI":null,"softDisabled":false,"foreignInstall":false,"hasBinaryComponents":false,"strictCompatibility":false,"locales":[],"targetApplications":[{"id":"{ec8030f7-c20a-464f-9b0e-13a3a9e97384}","minVersion":"56.0","maxVersion":"56.*"}],"targetPlatforms":[],"multiprocessCompatible":true,"seen":true,"dependencies":[],"hasEmbeddedWebExtension":false,"mpcOptedOut":false,"userPermissions":null,"icons":{},"iconURL":null,"icon64URL":null,"blocklistState":0,"blocklistURL":null}
1529438935047	DeferredSave.extensions.json	DEBUG	Save changes
1529438935048	addons.manager	DEBUG	Registering startup change 'installed' for e10srollout@mozilla.org
1529438935048	addons.xpi	DEBUG	Loading bootstrap scope from C:\Program Files (x86)\Mozilla Firefox\browser\features\e10srollout@mozilla.org.xpi
1529438935050	addons.xpi	DEBUG	Calling bootstrap method install on e10srollout@mozilla.org version 3.00
1529438935051	addons.xpi-utils	DEBUG	Make addon app-system-defaults:e10srollout@mozilla.org visible
1529438935051	addons.xpi	DEBUG	Updating XPIState for {"id":"e10srollout@mozilla.org","syncGUID":"{612a015e-235c-4f52-a88a-f49488ae8bc4}","location":"app-system-defaults","version":"3.00","type":"extension","internalName":null,"updateURL":null,"updateKey":null,"optionsURL":null,"optionsType":null,"aboutURL":null,"defaultLocale":{"name":"Multi-process staged rollout","description":"Staged rollout of Firefox multi-process feature.","creator":null,"homepageURL":null},"visible":true,"active":false,"userDisabled":false,"appDisabled":false,"installDate":1529438575738,"updateDate":1529438575738,"applyBackgroundUpdates":1,"bootstrap":true,"path":"C:\\Program Files (x86)\\Mozilla Firefox\\browser\\features\\e10srollout@mozilla.org.xpi","skinnable":false,"size":13710,"sourceURI":null,"releaseNotesURI":null,"softDisabled":false,"foreignInstall":false,"hasBinaryComponents":false,"strictCompatibility":false,"locales":[],"targetApplications":[{"id":"{ec8030f7-c20a-464f-9b0e-13a3a9e97384}","minVersion":"56.0","maxVersion":"56.*"}],"targetPlatforms":[],"multiprocessCompatible":true,"seen":true,"dependencies":[],"hasEmbeddedWebExtension":false,"mpcOptedOut":false,"userPermissions":null,"icons":{},"iconURL":null,"icon64URL":null,"blocklistState":0,"blocklistURL":null}
1529438935051	DeferredSave.extensions.json	DEBUG	Save changes
1529438935052	addons.manager	DEBUG	Registering startup change 'installed' for firefox@getpocket.com
1529438935052	addons.xpi	DEBUG	Loading bootstrap scope from C:\Program Files (x86)\Mozilla Firefox\browser\features\firefox@getpocket.com.xpi
1529438935056	addons.xpi	DEBUG	Calling bootstrap method install on firefox@getpocket.com version 1.0.5
1529438935056	addons.xpi-utils	DEBUG	Make addon app-system-defaults:firefox@getpocket.com visible
1529438935056	addons.xpi	DEBUG	Updating XPIState for {"id":"firefox@getpocket.com","syncGUID":"{1786dece-507d-4681-928e-94e2733ff195}","location":"app-system-defaults","version":"1.0.5","type":"extension","internalName":null,"updateURL":null,"updateKey":null,"optionsURL":null,"optionsType":null,"aboutURL":null,"defaultLocale":{"name":"Pocket","description":"When you find something you want to view later, put it in Pocket.","creator":null,"homepageURL":null},"visible":true,"active":false,"userDisabled":false,"appDisabled":false,"installDate":1529438575728,"updateDate":1529438575728,"applyBackgroundUpdates":1,"bootstrap":true,"path":"C:\\Program Files (x86)\\Mozilla Firefox\\browser\\features\\firefox@getpocket.com.xpi","skinnable":false,"size":1002023,"sourceURI":null,"releaseNotesURI":null,"softDisabled":false,"foreignInstall":false,"hasBinaryComponents":false,"strictCompatibility":false,"locales":[],"targetApplications":[{"id":"{ec8030f7-c20a-464f-9b0e-13a3a9e97384}","minVersion":"56.0","maxVersion":"56.*"}],"targetPlatforms":[],"multiprocessCompatible":true,"seen":true,"dependencies":[],"hasEmbeddedWebExtension":false,"mpcOptedOut":false,"userPermissions":null,"icons":{},"iconURL":null,"icon64URL":null,"blocklistState":0,"blocklistURL":null}
1529438935057	DeferredSave.extensions.json	DEBUG	Save changes
1529438935057	addons.manager	DEBUG	Registering startup change 'installed' for followonsearch@mozilla.com
1529438935057	addons.xpi	DEBUG	Loading bootstrap scope from C:\Program Files (x86)\Mozilla Firefox\browser\features\followonsearch@mozilla.com.xpi
1529438935059	addons.xpi	DEBUG	Calling bootstrap method install on followonsearch@mozilla.com version 0.9.3
1529438935060	addons.xpi-utils	DEBUG	Make addon app-system-defaults:followonsearch@mozilla.com visible
1529438935060	addons.xpi	DEBUG	Updating XPIState for {"id":"followonsearch@mozilla.com","syncGUID":"{18852512-6a3b-4826-a7da-9c160af41fa4}","location":"app-system-defaults","version":"0.9.3","type":"extension","internalName":null,"updateURL":null,"updateKey":null,"optionsURL":null,"optionsType":null,"aboutURL":null,"defaultLocale":{"name":"Follow-on Search Telemetry","description":null,"creator":null,"homepageURL":null},"visible":true,"active":false,"userDisabled":false,"appDisabled":false,"installDate":1529438575649,"updateDate":1529438575649,"applyBackgroundUpdates":1,"bootstrap":true,"path":"C:\\Program Files (x86)\\Mozilla Firefox\\browser\\features\\followonsearch@mozilla.com.xpi","skinnable":false,"size":16802,"sourceURI":null,"releaseNotesURI":null,"softDisabled":false,"foreignInstall":false,"hasBinaryComponents":false,"strictCompatibility":false,"locales":[],"targetApplications":[{"id":"{ec8030f7-c20a-464f-9b0e-13a3a9e97384}","minVersion":"52.0","maxVersion":"59.*"}],"targetPlatforms":[],"multiprocessCompatible":true,"seen":true,"dependencies":[],"hasEmbeddedWebExtension":false,"mpcOptedOut":false,"userPermissions":null,"icons":{},"iconURL":null,"icon64URL":null,"blocklistState":0,"blocklistURL":null}
1529438935060	DeferredSave.extensions.json	DEBUG	Save changes
1529438935060	addons.manager	DEBUG	Registering startup change 'installed' for formautofill@mozilla.org
1529438935060	addons.xpi	DEBUG	Loading bootstrap scope from C:\Program Files (x86)\Mozilla Firefox\browser\features\formautofill@mozilla.org.xpi
1529438935062	addons.xpi	DEBUG	Calling bootstrap method install on formautofill@mozilla.org version 1.0
1529438935062	addons.xpi-utils	DEBUG	Make addon app-system-defaults:formautofill@mozilla.org visible
1529438935063	addons.xpi	DEBUG	Updating XPIState for {"id":"formautofill@mozilla.org","syncGUID":"{1c3ef1f3-55a4-4529-8cc0-ad4950f11402}","location":"app-system-defaults","version":"1.0","type":"extension","internalName":null,"updateURL":null,"updateKey":null,"optionsURL":null,"optionsType":null,"aboutURL":null,"defaultLocale":{"name":"Form Autofill","description":"Autofill forms with saved profiles","creator":null,"homepageURL":null},"visible":true,"active":false,"userDisabled":false,"appDisabled":false,"installDate":1529438575639,"updateDate":1529438575639,"applyBackgroundUpdates":1,"bootstrap":true,"path":"C:\\Program Files (x86)\\Mozilla Firefox\\browser\\features\\formautofill@mozilla.org.xpi","skinnable":false,"size":335585,"sourceURI":null,"releaseNotesURI":null,"softDisabled":false,"foreignInstall":false,"hasBinaryComponents":false,"strictCompatibility":false,"locales":[],"targetApplications":[{"id":"{ec8030f7-c20a-464f-9b0e-13a3a9e97384}","minVersion":"56.0","maxVersion":"56.*"}],"targetPlatforms":[],"multiprocessCompatible":true,"seen":true,"dependencies":[],"hasEmbeddedWebExtension":false,"mpcOptedOut":false,"userPermissions":null,"icons":{},"iconURL":null,"icon64URL":null,"blocklistState":0,"blocklistURL":null}
1529438935063	DeferredSave.extensions.json	DEBUG	Save changes
1529438935063	addons.manager	DEBUG	Registering startup change 'installed' for onboarding@mozilla.org
1529438935063	addons.xpi	DEBUG	Loading bootstrap scope from C:\Program Files (x86)\Mozilla Firefox\browser\features\onboarding@mozilla.org.xpi
1529438935065	addons.xpi	DEBUG	Calling bootstrap method install on onboarding@mozilla.org version 0.1
1529438935065	addons.xpi-utils	DEBUG	Make addon app-system-defaults:onboarding@mozilla.org visible
1529438935066	addons.xpi	DEBUG	Updating XPIState for {"id":"onboarding@mozilla.org","syncGUID":"{d52c6657-76cb-45f0-9786-1257d2603e67}","location":"app-system-defaults","version":"0.1","type":"extension","internalName":null,"updateURL":null,"updateKey":null,"optionsURL":null,"optionsType":null,"aboutURL":null,"defaultLocale":{"name":"Photon onboarding","description":"Photon onboarding","creator":null,"homepageURL":null},"visible":true,"active":false,"userDisabled":false,"appDisabled":false,"installDate":1529438575609,"updateDate":1529438575609,"applyBackgroundUpdates":1,"bootstrap":true,"path":"C:\\Program Files (x86)\\Mozilla Firefox\\browser\\features\\onboarding@mozilla.org.xpi","skinnable":false,"size":426439,"sourceURI":null,"releaseNotesURI":null,"softDisabled":false,"foreignInstall":false,"hasBinaryComponents":false,"strictCompatibility":false,"locales":[],"targetApplications":[{"id":"{ec8030f7-c20a-464f-9b0e-13a3a9e97384}","minVersion":"56.0","maxVersion":"56.*"}],"targetPlatforms":[],"multiprocessCompatible":true,"seen":true,"dependencies":[],"hasEmbeddedWebExtension":false,"mpcOptedOut":false,"userPermissions":null,"icons":{},"iconURL":null,"icon64URL":null,"blocklistState":0,"blocklistURL":null}
1529438935066	DeferredSave.extensions.json	DEBUG	Save changes
1529438935066	addons.manager	DEBUG	Registering startup change 'installed' for screenshots@mozilla.org
1529438935066	addons.xpi	DEBUG	Loading bootstrap scope from C:\Program Files (x86)\Mozilla Firefox\browser\features\screenshots@mozilla.org.xpi
1529438935068	addons.xpi	DEBUG	Calling bootstrap method install on screenshots@mozilla.org version 10.12.0
1529438935068	addons.xpi-utils	DEBUG	Make addon app-system-defaults:screenshots@mozilla.org visible
1529438935069	addons.xpi	DEBUG	Updating XPIState for {"id":"screenshots@mozilla.org","syncGUID":"{34cd3e22-e28f-4fcc-b418-9ede92718818}","location":"app-system-defaults","version":"10.12.0","type":"extension","internalName":null,"updateURL":null,"updateKey":null,"optionsURL":null,"optionsType":null,"aboutURL":null,"defaultLocale":{"name":"Firefox Screenshots","description":null,"creator":null,"homepageURL":"https://pageshot.net/"},"visible":true,"active":false,"userDisabled":false,"appDisabled":false,"installDate":1529438575580,"updateDate":1529438575580,"applyBackgroundUpdates":1,"bootstrap":true,"path":"C:\\Program Files (x86)\\Mozilla Firefox\\browser\\features\\screenshots@mozilla.org.xpi","skinnable":false,"size":714554,"sourceURI":null,"releaseNotesURI":null,"softDisabled":false,"foreignInstall":false,"hasBinaryComponents":false,"strictCompatibility":false,"locales":[],"targetApplications":[{"id":"{ec8030f7-c20a-464f-9b0e-13a3a9e97384}","minVersion":"51.0a1","maxVersion":"*"}],"targetPlatforms":[],"multiprocessCompatible":true,"seen":true,"dependencies":[],"hasEmbeddedWebExtension":false,"mpcOptedOut":false,"userPermissions":null,"icons":{},"iconURL":null,"icon64URL":null,"blocklistState":0,"blocklistURL":null}
1529438935069	DeferredSave.extensions.json	DEBUG	Save changes
1529438935069	addons.manager	DEBUG	Registering startup change 'installed' for shield-recipe-client@mozilla.org
1529438935069	addons.xpi	DEBUG	Loading bootstrap scope from C:\Program Files (x86)\Mozilla Firefox\browser\features\shield-recipe-client@mozilla.org.xpi
1529438935071	addons.xpi	DEBUG	Calling bootstrap method install on shield-recipe-client@mozilla.org version 65
1529438935072	addons.xpi-utils	DEBUG	Make addon app-system-defaults:shield-recipe-client@mozilla.org visible
1529438935072	addons.xpi	DEBUG	Updating XPIState for {"id":"shield-recipe-client@mozilla.org","syncGUID":"{a556aa17-2f47-4fd5-b130-3e488111747e}","location":"app-system-defaults","version":"65","type":"extension","internalName":null,"updateURL":null,"updateKey":null,"optionsURL":null,"optionsType":null,"aboutURL":null,"defaultLocale":{"name":"Shield Recipe Client","description":"Client to download and run recipes for SHIELD, Heartbeat, etc.","creator":null,"homepageURL":null},"visible":true,"active":false,"userDisabled":false,"appDisabled":false,"installDate":1529438575541,"updateDate":1529438575541,"applyBackgroundUpdates":1,"bootstrap":true,"path":"C:\\Program Files (x86)\\Mozilla Firefox\\browser\\features\\shield-recipe-client@mozilla.org.xpi","skinnable":false,"size":362688,"sourceURI":null,"releaseNotesURI":null,"softDisabled":false,"foreignInstall":false,"hasBinaryComponents":false,"strictCompatibility":false,"locales":[],"targetApplications":[{"id":"{ec8030f7-c20a-464f-9b0e-13a3a9e97384}","minVersion":"56.0","maxVersion":"56.*"}],"targetPlatforms":[],"multiprocessCompatible":true,"seen":true,"dependencies":[],"hasEmbeddedWebExtension":false,"mpcOptedOut":false,"userPermissions":null,"icons":{},"iconURL":null,"icon64URL":null,"blocklistState":0,"blocklistURL":null}
1529438935072	DeferredSave.extensions.json	DEBUG	Save changes
1529438935072	addons.manager	DEBUG	Registering startup change 'installed' for webcompat@mozilla.org
1529438935073	addons.xpi	DEBUG	Loading bootstrap scope from C:\Program Files (x86)\Mozilla Firefox\browser\features\webcompat@mozilla.org.xpi
1529438935075	addons.xpi	DEBUG	Calling bootstrap method install on webcompat@mozilla.org version 1.1
1529438935075	addons.xpi-utils	DEBUG	Make addon app-system-defaults:webcompat@mozilla.org visible
1529438935076	addons.xpi	DEBUG	Updating XPIState for {"id":"webcompat@mozilla.org","syncGUID":"{a5be6343-2a33-4063-a424-21cef40f3ece}","location":"app-system-defaults","version":"1.1","type":"extension","internalName":null,"updateURL":null,"updateKey":null,"optionsURL":null,"optionsType":null,"aboutURL":null,"defaultLocale":{"name":"Web Compat","description":"Urgent post-release fixes for web compatibility.","creator":null,"homepageURL":null},"visible":true,"active":false,"userDisabled":false,"appDisabled":false,"installDate":1529438575513,"updateDate":1529438575513,"applyBackgroundUpdates":1,"bootstrap":true,"path":"C:\\Program Files (x86)\\Mozilla Firefox\\browser\\features\\webcompat@mozilla.org.xpi","skinnable":false,"size":8990,"sourceURI":null,"releaseNotesURI":null,"softDisabled":false,"foreignInstall":false,"hasBinaryComponents":false,"strictCompatibility":false,"locales":[],"targetApplications":[{"id":"{ec8030f7-c20a-464f-9b0e-13a3a9e97384}","minVersion":"56.0","maxVersion":"56.*"}],"targetPlatforms":[],"multiprocessCompatible":true,"seen":true,"dependencies":[],"hasEmbeddedWebExtension":false,"mpcOptedOut":false,"userPermissions":null,"icons":{},"iconURL":null,"icon64URL":null,"blocklistState":0,"blocklistURL":null}
1529438935077	DeferredSave.extensions.json	DEBUG	Save changes
1529438935077	addons.xpi-utils	DEBUG	Make addon app-global:{972ce4c6-7e08-4474-a285-3208198ce6fd} visible
1529438935077	addons.xpi	DEBUG	Updating XPIState for {"id":"{972ce4c6-7e08-4474-a285-3208198ce6fd}","syncGUID":"{be3db7ab-bea0-4ee4-a877-21cce0f237e1}","location":"app-global","version":"56.0","type":"theme","internalName":"classic/1.0","updateURL":null,"updateKey":null,"optionsURL":null,"optionsType":null,"optionsBrowserStyle":null,"aboutURL":null,"defaultLocale":{"name":"Default","description":"The default theme.","creator":"Mozilla","homepageURL":null,"contributors":["Mozilla Contributors"]},"visible":true,"active":false,"userDisabled":false,"appDisabled":false,"installDate":1529438575833,"updateDate":1529438575833,"applyBackgroundUpdates":1,"path":"C:\\Program Files (x86)\\Mozilla Firefox\\browser\\extensions\\{972ce4c6-7e08-4474-a285-3208198ce6fd}.xpi","skinnable":true,"size":7141,"sourceURI":null,"releaseNotesURI":null,"softDisabled":false,"foreignInstall":false,"hasBinaryComponents":false,"strictCompatibility":true,"locales":[],"targetApplications":[{"id":"{ec8030f7-c20a-464f-9b0e-13a3a9e97384}","minVersion":"56.0","maxVersion":"56.0"}],"targetPlatforms":[],"seen":true,"dependencies":[],"hasEmbeddedWebExtension":false,"userPermissions":null,"icons":{},"iconURL":"chrome://browser/content/default-theme-icon.svg","icon64URL":null,"blocklistState":0,"blocklistURL":null}
1529438935077	DeferredSave.extensions.json	DEBUG	Save changes
1529438935078	addons.xpi	DEBUG	Updating XPIState for {"id":"activity-stream@mozilla.org","syncGUID":"{c89d2638-c40e-47d6-84ae-2ae4cef7c197}","location":"app-system-defaults","version":"0.0.0","type":"extension","internalName":null,"updateURL":null,"updateKey":null,"optionsURL":null,"optionsType":null,"aboutURL":null,"defaultLocale":{"name":"Activity Stream","description":"A rich visual history feed and a reimagined home page make it easier than ever to find exactly what you're looking for in Firefox.","creator":null,"homepageURL":null},"visible":true,"active":true,"userDisabled":false,"appDisabled":false,"installDate":1529438575826,"updateDate":1529438575826,"applyBackgroundUpdates":1,"bootstrap":true,"path":"C:\\Program Files (x86)\\Mozilla Firefox\\browser\\features\\activity-stream@mozilla.org.xpi","skinnable":false,"size":1280296,"sourceURI":null,"releaseNotesURI":null,"softDisabled":false,"foreignInstall":false,"hasBinaryComponents":false,"strictCompatibility":false,"locales":[],"targetApplications":[{"id":"{ec8030f7-c20a-464f-9b0e-13a3a9e97384}","minVersion":"56.0","maxVersion":"56.*"}],"targetPlatforms":[],"multiprocessCompatible":true,"seen":true,"dependencies":[],"hasEmbeddedWebExtension":false,"mpcOptedOut":false,"userPermissions":null,"icons":{},"iconURL":null,"icon64URL":null,"blocklistState":0,"blocklistURL":null}
1529438935078	addons.xpi	DEBUG	Updating XPIState for {"id":"aushelper@mozilla.org","syncGUID":"{50724e62-0ad6-4a7a-99b6-90eeb8b732d3}","location":"app-system-defaults","version":"2.0","type":"extension","internalName":null,"updateURL":null,"updateKey":null,"optionsURL":null,"optionsType":null,"aboutURL":null,"defaultLocale":{"name":"Application Update Service Helper","description":"Sets value(s) in the update url based on custom checks.","creator":null,"homepageURL":null},"visible":true,"active":true,"userDisabled":false,"appDisabled":false,"installDate":1529438575756,"updateDate":1529438575756,"applyBackgroundUpdates":1,"bootstrap":true,"path":"C:\\Program Files (x86)\\Mozilla Firefox\\browser\\features\\aushelper@mozilla.org.xpi","skinnable":false,"size":8486,"sourceURI":null,"releaseNotesURI":null,"softDisabled":false,"foreignInstall":false,"hasBinaryComponents":false,"strictCompatibility":false,"locales":[],"targetApplications":[{"id":"{ec8030f7-c20a-464f-9b0e-13a3a9e97384}","minVersion":"56.0","maxVersion":"56.*"}],"targetPlatforms":[],"multiprocessCompatible":true,"seen":true,"dependencies":[],"hasEmbeddedWebExtension":false,"mpcOptedOut":false,"userPermissions":null,"icons":{},"iconURL":null,"icon64URL":null,"blocklistState":0,"blocklistURL":null}
1529438935078	addons.xpi	DEBUG	Updating XPIState for {"id":"clicktoplay-rollout@mozilla.org","syncGUID":"{9068ab25-9206-48a9-aea8-ab6743eb45f3}","location":"app-system-defaults","version":"1.4","type":"extension","internalName":null,"updateURL":null,"updateKey":null,"optionsURL":null,"optionsType":null,"aboutURL":null,"defaultLocale":{"name":"Click-to-Play staged rollout","description":"Staged rollout for Click-to-Play Flash.","creator":null,"homepageURL":null},"visible":true,"active":true,"userDisabled":false,"appDisabled":false,"installDate":1529438575747,"updateDate":1529438575747,"applyBackgroundUpdates":1,"bootstrap":true,"path":"C:\\Program Files (x86)\\Mozilla Firefox\\browser\\features\\clicktoplay-rollout@mozilla.org.xpi","skinnable":false,"size":5779,"sourceURI":null,"releaseNotesURI":null,"softDisabled":false,"foreignInstall":false,"hasBinaryComponents":false,"strictCompatibility":false,"locales":[],"targetApplications":[{"id":"{ec8030f7-c20a-464f-9b0e-13a3a9e97384}","minVersion":"56.0","maxVersion":"56.*"}],"targetPlatforms":[],"multiprocessCompatible":true,"seen":true,"dependencies":[],"hasEmbeddedWebExtension":false,"mpcOptedOut":false,"userPermissions":null,"icons":{},"iconURL":null,"icon64URL":null,"blocklistState":0,"blocklistURL":null}
1529438935078	addons.xpi	DEBUG	Updating XPIState for {"id":"e10srollout@mozilla.org","syncGUID":"{612a015e-235c-4f52-a88a-f49488ae8bc4}","location":"app-system-defaults","version":"3.00","type":"extension","internalName":null,"updateURL":null,"updateKey":null,"optionsURL":null,"optionsType":null,"aboutURL":null,"defaultLocale":{"name":"Multi-process staged rollout","description":"Staged rollout of Firefox multi-process feature.","creator":null,"homepageURL":null},"visible":true,"active":true,"userDisabled":false,"appDisabled":false,"installDate":1529438575738,"updateDate":1529438575738,"applyBackgroundUpdates":1,"bootstrap":true,"path":"C:\\Program Files (x86)\\Mozilla Firefox\\browser\\features\\e10srollout@mozilla.org.xpi","skinnable":false,"size":13710,"sourceURI":null,"releaseNotesURI":null,"softDisabled":false,"foreignInstall":false,"hasBinaryComponents":false,"strictCompatibility":false,"locales":[],"targetApplications":[{"id":"{ec8030f7-c20a-464f-9b0e-13a3a9e97384}","minVersion":"56.0","maxVersion":"56.*"}],"targetPlatforms":[],"multiprocessCompatible":true,"seen":true,"dependencies":[],"hasEmbeddedWebExtension":false,"mpcOptedOut":false,"userPermissions":null,"icons":{},"iconURL":null,"icon64URL":null,"blocklistState":0,"blocklistURL":null}
1529438935078	addons.xpi	DEBUG	Updating XPIState for {"id":"firefox@getpocket.com","syncGUID":"{1786dece-507d-4681-928e-94e2733ff195}","location":"app-system-defaults","version":"1.0.5","type":"extension","internalName":null,"updateURL":null,"updateKey":null,"optionsURL":null,"optionsType":null,"aboutURL":null,"defaultLocale":{"name":"Pocket","description":"When you find something you want to view later, put it in Pocket.","creator":null,"homepageURL":null},"visible":true,"active":true,"userDisabled":false,"appDisabled":false,"installDate":1529438575728,"updateDate":1529438575728,"applyBackgroundUpdates":1,"bootstrap":true,"path":"C:\\Program Files (x86)\\Mozilla Firefox\\browser\\features\\firefox@getpocket.com.xpi","skinnable":false,"size":1002023,"sourceURI":null,"releaseNotesURI":null,"softDisabled":false,"foreignInstall":false,"hasBinaryComponents":false,"strictCompatibility":false,"locales":[],"targetApplications":[{"id":"{ec8030f7-c20a-464f-9b0e-13a3a9e97384}","minVersion":"56.0","maxVersion":"56.*"}],"targetPlatforms":[],"multiprocessCompatible":true,"seen":true,"dependencies":[],"hasEmbeddedWebExtension":false,"mpcOptedOut":false,"userPermissions":null,"icons":{},"iconURL":null,"icon64URL":null,"blocklistState":0,"blocklistURL":null}
1529438935078	addons.xpi	DEBUG	Updating XPIState for {"id":"followonsearch@mozilla.com","syncGUID":"{18852512-6a3b-4826-a7da-9c160af41fa4}","location":"app-system-defaults","version":"0.9.3","type":"extension","internalName":null,"updateURL":null,"updateKey":null,"optionsURL":null,"optionsType":null,"aboutURL":null,"defaultLocale":{"name":"Follow-on Search Telemetry","description":null,"creator":null,"homepageURL":null},"visible":true,"active":true,"userDisabled":false,"appDisabled":false,"installDate":1529438575649,"updateDate":1529438575649,"applyBackgroundUpdates":1,"bootstrap":true,"path":"C:\\Program Files (x86)\\Mozilla Firefox\\browser\\features\\followonsearch@mozilla.com.xpi","skinnable":false,"size":16802,"sourceURI":null,"releaseNotesURI":null,"softDisabled":false,"foreignInstall":false,"hasBinaryComponents":false,"strictCompatibility":false,"locales":[],"targetApplications":[{"id":"{ec8030f7-c20a-464f-9b0e-13a3a9e97384}","minVersion":"52.0","maxVersion":"59.*"}],"targetPlatforms":[],"multiprocessCompatible":true,"seen":true,"dependencies":[],"hasEmbeddedWebExtension":false,"mpcOptedOut":false,"userPermissions":null,"icons":{},"iconURL":null,"icon64URL":null,"blocklistState":0,"blocklistURL":null}
1529438935079	addons.xpi	DEBUG	Updating XPIState for {"id":"formautofill@mozilla.org","syncGUID":"{1c3ef1f3-55a4-4529-8cc0-ad4950f11402}","location":"app-system-defaults","version":"1.0","type":"extension","internalName":null,"updateURL":null,"updateKey":null,"optionsURL":null,"optionsType":null,"aboutURL":null,"defaultLocale":{"name":"Form Autofill","description":"Autofill forms with saved profiles","creator":null,"homepageURL":null},"visible":true,"active":true,"userDisabled":false,"appDisabled":false,"installDate":1529438575639,"updateDate":1529438575639,"applyBackgroundUpdates":1,"bootstrap":true,"path":"C:\\Program Files (x86)\\Mozilla Firefox\\browser\\features\\formautofill@mozilla.org.xpi","skinnable":false,"size":335585,"sourceURI":null,"releaseNotesURI":null,"softDisabled":false,"foreignInstall":false,"hasBinaryComponents":false,"strictCompatibility":false,"locales":[],"targetApplications":[{"id":"{ec8030f7-c20a-464f-9b0e-13a3a9e97384}","minVersion":"56.0","maxVersion":"56.*"}],"targetPlatforms":[],"multiprocessCompatible":true,"seen":true,"dependencies":[],"hasEmbeddedWebExtension":false,"mpcOptedOut":false,"userPermissions":null,"icons":{},"iconURL":null,"icon64URL":null,"blocklistState":0,"blocklistURL":null}
1529438935079	addons.xpi	DEBUG	Updating XPIState for {"id":"onboarding@mozilla.org","syncGUID":"{d52c6657-76cb-45f0-9786-1257d2603e67}","location":"app-system-defaults","version":"0.1","type":"extension","internalName":null,"updateURL":null,"updateKey":null,"optionsURL":null,"optionsType":null,"aboutURL":null,"defaultLocale":{"name":"Photon onboarding","description":"Photon onboarding","creator":null,"homepageURL":null},"visible":true,"active":true,"userDisabled":false,"appDisabled":false,"installDate":1529438575609,"updateDate":1529438575609,"applyBackgroundUpdates":1,"bootstrap":true,"path":"C:\\Program Files (x86)\\Mozilla Firefox\\browser\\features\\onboarding@mozilla.org.xpi","skinnable":false,"size":426439,"sourceURI":null,"releaseNotesURI":null,"softDisabled":false,"foreignInstall":false,"hasBinaryComponents":false,"strictCompatibility":false,"locales":[],"targetApplications":[{"id":"{ec8030f7-c20a-464f-9b0e-13a3a9e97384}","minVersion":"56.0","maxVersion":"56.*"}],"targetPlatforms":[],"multiprocessCompatible":true,"seen":true,"dependencies":[],"hasEmbeddedWebExtension":false,"mpcOptedOut":false,"userPermissions":null,"icons":{},"iconURL":null,"icon64URL":null,"blocklistState":0,"blocklistURL":null}
1529438935079	addons.xpi	DEBUG	Updating XPIState for {"id":"screenshots@mozilla.org","syncGUID":"{34cd3e22-e28f-4fcc-b418-9ede92718818}","location":"app-system-defaults","version":"10.12.0","type":"extension","internalName":null,"updateURL":null,"updateKey":null,"optionsURL":null,"optionsType":null,"aboutURL":null,"defaultLocale":{"name":"Firefox Screenshots","description":null,"creator":null,"homepageURL":"https://pageshot.net/"},"visible":true,"active":true,"userDisabled":false,"appDisabled":false,"installDate":1529438575580,"updateDate":1529438575580,"applyBackgroundUpdates":1,"bootstrap":true,"path":"C:\\Program Files (x86)\\Mozilla Firefox\\browser\\features\\screenshots@mozilla.org.xpi","skinnable":false,"size":714554,"sourceURI":null,"releaseNotesURI":null,"softDisabled":false,"foreignInstall":false,"hasBinaryComponents":false,"strictCompatibility":false,"locales":[],"targetApplications":[{"id":"{ec8030f7-c20a-464f-9b0e-13a3a9e97384}","minVersion":"51.0a1","maxVersion":"*"}],"targetPlatforms":[],"multiprocessCompatible":true,"seen":true,"dependencies":[],"hasEmbeddedWebExtension":false,"mpcOptedOut":false,"userPermissions":null,"icons":{},"iconURL":null,"icon64URL":null,"blocklistState":0,"blocklistURL":null}
1529438935079	addons.xpi	DEBUG	Updating XPIState for {"id":"shield-recipe-client@mozilla.org","syncGUID":"{a556aa17-2f47-4fd5-b130-3e488111747e}","location":"app-system-defaults","version":"65","type":"extension","internalName":null,"updateURL":null,"updateKey":null,"optionsURL":null,"optionsType":null,"aboutURL":null,"defaultLocale":{"name":"Shield Recipe Client","description":"Client to download and run recipes for SHIELD, Heartbeat, etc.","creator":null,"homepageURL":null},"visible":true,"active":true,"userDisabled":false,"appDisabled":false,"installDate":1529438575541,"updateDate":1529438575541,"applyBackgroundUpdates":1,"bootstrap":true,"path":"C:\\Program Files (x86)\\Mozilla Firefox\\browser\\features\\shield-recipe-client@mozilla.org.xpi","skinnable":false,"size":362688,"sourceURI":null,"releaseNotesURI":null,"softDisabled":false,"foreignInstall":false,"hasBinaryComponents":false,"strictCompatibility":false,"locales":[],"targetApplications":[{"id":"{ec8030f7-c20a-464f-9b0e-13a3a9e97384}","minVersion":"56.0","maxVersion":"56.*"}],"targetPlatforms":[],"multiprocessCompatible":true,"seen":true,"dependencies":[],"hasEmbeddedWebExtension":false,"mpcOptedOut":false,"userPermissions":null,"icons":{},"iconURL":null,"icon64URL":null,"blocklistState":0,"blocklistURL":null}
1529438935079	addons.xpi	DEBUG	Updating XPIState for {"id":"webcompat@mozilla.org","syncGUID":"{a5be6343-2a33-4063-a424-21cef40f3ece}","location":"app-system-defaults","version":"1.1","type":"extension","internalName":null,"updateURL":null,"updateKey":null,"optionsURL":null,"optionsType":null,"aboutURL":null,"defaultLocale":{"name":"Web Compat","description":"Urgent post-release fixes for web compatibility.","creator":null,"homepageURL":null},"visible":true,"active":true,"userDisabled":false,"appDisabled":false,"installDate":1529438575513,"updateDate":1529438575513,"applyBackgroundUpdates":1,"bootstrap":true,"path":"C:\\Program Files (x86)\\Mozilla Firefox\\browser\\features\\webcompat@mozilla.org.xpi","skinnable":false,"size":8990,"sourceURI":null,"releaseNotesURI":null,"softDisabled":false,"foreignInstall":false,"hasBinaryComponents":false,"strictCompatibility":false,"locales":[],"targetApplications":[{"id":"{ec8030f7-c20a-464f-9b0e-13a3a9e97384}","minVersion":"56.0","maxVersion":"56.*"}],"targetPlatforms":[],"multiprocessCompatible":true,"seen":true,"dependencies":[],"hasEmbeddedWebExtension":false,"mpcOptedOut":false,"userPermissions":null,"icons":{},"iconURL":null,"icon64URL":null,"blocklistState":0,"blocklistURL":null}
1529438935079	addons.xpi	DEBUG	Updating XPIState for {"id":"{972ce4c6-7e08-4474-a285-3208198ce6fd}","syncGUID":"{be3db7ab-bea0-4ee4-a877-21cce0f237e1}","location":"app-global","version":"56.0","type":"theme","internalName":"classic/1.0","updateURL":null,"updateKey":null,"optionsURL":null,"optionsType":null,"optionsBrowserStyle":null,"aboutURL":null,"defaultLocale":{"name":"Default","description":"The default theme.","creator":"Mozilla","homepageURL":null,"contributors":["Mozilla Contributors"]},"visible":true,"active":true,"userDisabled":false,"appDisabled":false,"installDate":1529438575833,"updateDate":1529438575833,"applyBackgroundUpdates":1,"path":"C:\\Program Files (x86)\\Mozilla Firefox\\browser\\extensions\\{972ce4c6-7e08-4474-a285-3208198ce6fd}.xpi","skinnable":true,"size":7141,"sourceURI":null,"releaseNotesURI":null,"softDisabled":false,"foreignInstall":false,"hasBinaryComponents":false,"strictCompatibility":true,"locales":[],"targetApplications":[{"id":"{ec8030f7-c20a-464f-9b0e-13a3a9e97384}","minVersion":"56.0","maxVersion":"56.0"}],"targetPlatforms":[],"seen":true,"dependencies":[],"hasEmbeddedWebExtension":false,"userPermissions":null,"icons":{},"iconURL":"chrome://browser/content/default-theme-icon.svg","icon64URL":null,"blocklistState":0,"blocklistURL":null}
1529438935080	DeferredSave.extensions.json	DEBUG	Save changes
1529438935080	addons.xpi	DEBUG	Updating database with changes to installed add-ons
1529438935080	addons.xpi-utils	DEBUG	Updating add-on states
1529438935084	addons.xpi	DEBUG	Registering manifest for C:\Program Files (x86)\Mozilla Firefox\browser\features\activity-stream@mozilla.org.xpi
1529438935085	addons.xpi	DEBUG	Calling bootstrap method startup on activity-stream@mozilla.org version 0.0.0
1529438935086	addons.xpi	DEBUG	Registering manifest for C:\Program Files (x86)\Mozilla Firefox\browser\features\aushelper@mozilla.org.xpi
1529438935086	addons.xpi	DEBUG	Calling bootstrap method startup on aushelper@mozilla.org version 2.0
1529438935087	addons.xpi	DEBUG	Registering manifest for C:\Program Files (x86)\Mozilla Firefox\browser\features\clicktoplay-rollout@mozilla.org.xpi
1529438935087	addons.xpi	DEBUG	Calling bootstrap method startup on clicktoplay-rollout@mozilla.org version 1.4
1529438935088	addons.xpi	DEBUG	Registering manifest for C:\Program Files (x86)\Mozilla Firefox\browser\features\e10srollout@mozilla.org.xpi
1529438935088	addons.xpi	DEBUG	Calling bootstrap method startup on e10srollout@mozilla.org version 3.00
1529438935088	addons.xpi	DEBUG	Registering manifest for C:\Program Files (x86)\Mozilla Firefox\browser\features\firefox@getpocket.com.xpi
1529438935089	addons.xpi	DEBUG	Calling bootstrap method startup on firefox@getpocket.com version 1.0.5
1529438935118	addons.xpi	DEBUG	Registering manifest for C:\Program Files (x86)\Mozilla Firefox\browser\features\followonsearch@mozilla.com.xpi
1529438935119	addons.xpi	DEBUG	Calling bootstrap method startup on followonsearch@mozilla.com version 0.9.3
1529438935119	addons.xpi	DEBUG	Registering manifest for C:\Program Files (x86)\Mozilla Firefox\browser\features\formautofill@mozilla.org.xpi
1529438935120	addons.xpi	DEBUG	Calling bootstrap method startup on formautofill@mozilla.org version 1.0
1529438935120	addons.xpi	DEBUG	Registering manifest for C:\Program Files (x86)\Mozilla Firefox\browser\features\onboarding@mozilla.org.xpi
1529438935120	addons.xpi	DEBUG	Calling bootstrap method startup on onboarding@mozilla.org version 0.1
1529438935120	addons.xpi	DEBUG	Registering manifest for C:\Program Files (x86)\Mozilla Firefox\browser\features\screenshots@mozilla.org.xpi
1529438935121	addons.xpi	DEBUG	Calling bootstrap method startup on screenshots@mozilla.org version 10.12.0
1529438935121	addons.xpi	DEBUG	Registering manifest for C:\Program Files (x86)\Mozilla Firefox\browser\features\shield-recipe-client@mozilla.org.xpi
1529438935122	addons.xpi	DEBUG	Calling bootstrap method startup on shield-recipe-client@mozilla.org version 65
1529438935129	addons.xpi	DEBUG	Registering manifest for C:\Program Files (x86)\Mozilla Firefox\browser\features\webcompat@mozilla.org.xpi
1529438935130	addons.xpi	DEBUG	Calling bootstrap method startup on webcompat@mozilla.org version 1.1
1529438935134	addons.manager	DEBUG	Registering shutdown blocker for XPIProvider
1529438935134	addons.manager	DEBUG	Provider finished startup: XPIProvider
1529438935134	addons.manager	DEBUG	Starting provider: LightweightThemeManager
1529438935135	addons.manager	DEBUG	Registering shutdown blocker for LightweightThemeManager
1529438935135	addons.manager	DEBUG	Provider finished startup: LightweightThemeManager
1529438935135	addons.manager	DEBUG	Starting provider: GMPProvider
1529438935141	addons.manager	DEBUG	Registering shutdown blocker for GMPProvider
1529438935142	addons.manager	DEBUG	Provider finished startup: GMPProvider
1529438935142	addons.manager	DEBUG	Starting provider: PluginProvider
1529438935142	addons.manager	DEBUG	Registering shutdown blocker for PluginProvider
1529438935142	addons.manager	DEBUG	Provider finished startup: PluginProvider
1529438935143	addons.manager	DEBUG	Completed startup sequence
1529438935268	Marionette	INFO	Enabled via --marionette
1529438935349	DeferredSave.extensions.json	DEBUG	Starting write
1529438935573	addons.repository	DEBUG	No addons.json found.
1529438935575	DeferredSave.addons.json	DEBUG	Save changes
1529438935578	DeferredSave.addons.json	DEBUG	Starting timer
1529438935599	addons.manager	DEBUG	Starting provider: PreviousExperimentProvider
1529438935599	addons.manager	DEBUG	Registering shutdown blocker for PreviousExperimentProvider
1529438935599	addons.manager	DEBUG	Provider finished startup: PreviousExperimentProvider
1529438935604	DeferredSave.webext.sc.lz4	DEBUG	Save changes
1529438935605	DeferredSave.webext.sc.lz4	DEBUG	Starting timer
1529438935623	DeferredSave.extensions.json	DEBUG	Write succeeded
1529438935623	addons.xpi-utils	DEBUG	XPI Database saved, setting schema version preference to 22
1529438935628	DeferredSave.webext.sc.lz4	DEBUG	Save changes
1529438935628	DeferredSave.webext.sc.lz4	DEBUG	Save changes
1529438935629	DeferredSave.webext.sc.lz4	DEBUG	Save changes
1529438935631	DeferredSave.webext.sc.lz4	DEBUG	Save changes
1529438935633	DeferredSave.webext.sc.lz4	DEBUG	Save changes
1529438935635	DeferredSave.webext.sc.lz4	DEBUG	Save changes
1529438935637	DeferredSave.webext.sc.lz4	DEBUG	Save changes
1529438935638	DeferredSave.webext.sc.lz4	DEBUG	Save changes
1529438935641	DeferredSave.webext.sc.lz4	DEBUG	Save changes
1529438935642	DeferredSave.webext.sc.lz4	DEBUG	Save changes
1529438935643	DeferredSave.webext.sc.lz4	DEBUG	Save changes
1529438935644	DeferredSave.webext.sc.lz4	DEBUG	Save changes
1529438935645	DeferredSave.webext.sc.lz4	DEBUG	Save changes
1529438935646	DeferredSave.webext.sc.lz4	DEBUG	Save changes
1529438935647	DeferredSave.webext.sc.lz4	DEBUG	Save changes
1529438935648	DeferredSave.webext.sc.lz4	DEBUG	Save changes
1529438935649	DeferredSave.webext.sc.lz4	DEBUG	Save changes
1529438935650	DeferredSave.webext.sc.lz4	DEBUG	Save changes
1529438935651	DeferredSave.webext.sc.lz4	DEBUG	Save changes
1529438935652	DeferredSave.webext.sc.lz4	DEBUG	Save changes
1529438935655	DeferredSave.webext.sc.lz4	DEBUG	Save changes
1529438935656	DeferredSave.webext.sc.lz4	DEBUG	Save changes
1529438935657	DeferredSave.webext.sc.lz4	DEBUG	Save changes
1529438935658	DeferredSave.webext.sc.lz4	DEBUG	Save changes
1529438935659	DeferredSave.webext.sc.lz4	DEBUG	Save changes
1529438935659	DeferredSave.webext.sc.lz4	DEBUG	Save changes
1529438935660	DeferredSave.webext.sc.lz4	DEBUG	Save changes
1529438935661	DeferredSave.webext.sc.lz4	DEBUG	Save changes
1529438935663	DeferredSave.webext.sc.lz4	DEBUG	Save changes
1529438935664	DeferredSave.webext.sc.lz4	DEBUG	Save changes
1529438935665	DeferredSave.webext.sc.lz4	DEBUG	Save changes
1529438935665	DeferredSave.webext.sc.lz4	DEBUG	Save changes
1529438935666	DeferredSave.webext.sc.lz4	DEBUG	Save changes
1529438935667	DeferredSave.webext.sc.lz4	DEBUG	Save changes
1529438935669	DeferredSave.webext.sc.lz4	DEBUG	Save changes
1529438935671	DeferredSave.webext.sc.lz4	DEBUG	Save changes
1529438935671	DeferredSave.webext.sc.lz4	DEBUG	Save changes
1529438935672	DeferredSave.webext.sc.lz4	DEBUG	Save changes
1529438935674	DeferredSave.webext.sc.lz4	DEBUG	Save changes
1529438935675	DeferredSave.webext.sc.lz4	DEBUG	Save changes
1529438935676	DeferredSave.webext.sc.lz4	DEBUG	Save changes
1529438935678	DeferredSave.webext.sc.lz4	DEBUG	Save changes
1529438935679	DeferredSave.webext.sc.lz4	DEBUG	Save changes
1529438935681	DeferredSave.webext.sc.lz4	DEBUG	Save changes
1529438935683	DeferredSave.webext.sc.lz4	DEBUG	Save changes
1529438935684	DeferredSave.webext.sc.lz4	DEBUG	Save changes
1529438935685	DeferredSave.webext.sc.lz4	DEBUG	Save changes
1529438935689	DeferredSave.webext.sc.lz4	DEBUG	Save changes
1529438935698	DeferredSave.addons.json	DEBUG	Starting write
1529438935703	DeferredSave.webext.sc.lz4	DEBUG	Save changes
1529438935752	DeferredSave.webext.sc.lz4	DEBUG	Save changes
1529438935757	DeferredSave.webext.sc.lz4	DEBUG	Save changes
1529438935987	DeferredSave.addons.json	DEBUG	Write succeeded
[Child 11584] WARNING: pipe error: 109: file z:/build/build/src/ipc/chromium/src/chrome/common/ipc_channel_win.cc, line 346
[Child 11584] WA1529438936749	addons.manager	DEBUG	Starting provider: <unnamed-provider>
1529438936749	addons.manager	DEBUG	Registering shutdown blocker for <unnamed-provider>
1529438936750	addons.manager	DEBUG	Provider finished startup: <unnamed-provider>
1529438936751	addons.xpi	INFO	Mapping activity-stream@mozilla.org to C:\Program Files (x86)\Mozilla Firefox\browser\features\activity-stream@mozilla.org.xpi
1529438936751	addons.xpi	INFO	Mapping aushelper@mozilla.org to C:\Program Files (x86)\Mozilla Firefox\browser\features\aushelper@mozilla.org.xpi
1529438936751	addons.xpi	INFO	Mapping clicktoplay-rollout@mozilla.org to C:\Program Files (x86)\Mozilla Firefox\browser\features\clicktoplay-rollout@mozilla.org.xpi
1529438936751	addons.xpi	INFO	Mapping e10srollout@mozilla.org to C:\Program Files (x86)\Mozilla Firefox\browser\features\e10srollout@mozilla.org.xpi
1529438936752	addons.xpi	INFO	Mapping firefox@getpocket.com to C:\Program Files (x86)\Mozilla Firefox\browser\features\firefox@getpocket.com.xpi
1529438936752	addons.xpi	INFO	Mapping followonsearch@mozilla.com to C:\Program Files (x86)\Mozilla Firefox\browser\features\followonsearch@mozilla.com.xpi
1529438936752	addons.xpi	INFO	Mapping formautofill@mozilla.org to C:\Program Files (x86)\Mozilla Firefox\browser\features\formautofill@mozilla.org.xpi
1529438936752	addons.xpi	INFO	Mapping onboarding@mozilla.org to C:\Program Files (x86)\Mozilla Firefox\browser\features\onboarding@mozilla.org.xpi
1529438936752	addons.xpi	INFO	Mapping screenshots@mozilla.org to C:\Program Files (x86)\Mozilla Firefox\browser\features\screenshots@mozilla.org.xpi
1529438936752	addons.xpi	INFO	Mapping shield-recipe-client@mozilla.org to C:\Program Files (x86)\Mozilla Firefox\browser\features\shield-recipe-client@mozilla.org.xpi
1529438936752	addons.xpi	INFO	Mapping webcompat@mozilla.org to C:\Program Files (x86)\Mozilla Firefox\browser\features\webcompat@mozilla.org.xpi
1529438936753	addons.xpi	DEBUG	Existing add-on activity-stream@mozilla.org in app-system-defaults
1529438936753	addons.xpi	DEBUG	Existing add-on aushelper@mozilla.org in app-system-defaults
1529438936753	addons.xpi	DEBUG	Existing add-on clicktoplay-rollout@mozilla.org in app-system-defaults
1529438936753	addons.xpi	DEBUG	Existing add-on e10srollout@mozilla.org in app-system-defaults
1529438936753	addons.xpi	DEBUG	Existing add-on firefox@getpocket.com in app-system-defaults
1529438936754	addons.xpi	DEBUG	Existing add-on followonsearch@mozilla.com in app-system-defaults
1529438936754	addons.xpi	DEBUG	Existing add-on formautofill@mozilla.org in app-system-defaults
1529438936754	addons.xpi	DEBUG	Existing add-on onboarding@mozilla.org in app-system-defaults
1529438936754	addons.xpi	DEBUG	Existing add-on screenshots@mozilla.org in app-system-defaults
1529438936754	addons.xpi	DEBUG	Existing add-on shield-recipe-client@mozilla.org in app-system-defaults
1529438936755	addons.xpi	DEBUG	Existing add-on webcompat@mozilla.org in app-system-defaults
1529438936755	addons.xpi	INFO	Mapping {972ce4c6-7e08-4474-a285-3208198ce6fd} to C:\Program Files (x86)\Mozilla Firefox\browser\extensions\{972ce4c6-7e08-4474-a285-3208198ce6fd}.xpi
1529438936755	addons.xpi	DEBUG	Existing add-on {972ce4c6-7e08-4474-a285-3208198ce6fd} in app-global
1529438936755	addons.xpi	DEBUG	getInstallState changed: false, state: {}
1529438936871	Marionette	INFO	Listening on port 51906
1529438936954	addons.productaddons	INFO	sending request to: https://aus5.mozilla.org/update/3/GMP/56.0/20170926190823/WINNT_x86-msvc-x64/en-US/release/Windows_NT%2010.0.0.0%20(x64)/default/default/update.xml
1529438937228	addons.productaddons	INFO	Completed downloading document
1529438937912	addons.productaddons	INFO	downloadXHR File download. status=200
1529438937914	addons.productaddons	INFO	Downloaded file will be saved to C:\Users\Spencer\AppData\Local\Temp\tmpaddon-b9ef7
1529438939473	addons.productaddons	INFO	downloadXHR File download. status=200
1529438939476	addons.productaddons	INFO	Downloaded file will be saved to C:\Users\Spencer\AppData\Local\Temp\tmpaddon-7e4f7f
[Child 11800] WARNING: pipe error: 109: file z:/build/build/src/ipc/chromium/src/chrome/common/ipc_channel_win.cc, line 346
[Child 11800] WARNING: pipe1529438940609	DeferredSave.webext.sc.lz4	DEBUG	Starting write
1529438940614	DeferredSave.webext.sc.lz4	DEBUG	Write succeeded
1529438941522	addons.xpi	DEBUG	Calling bootstrap method shutdown on webcompat@mozilla.org version 1.1
1529438941523	addons.xpi	DEBUG	Calling bootstrap method shutdown on shield-recipe-client@mozilla.org version 65
1529438941524	addons.xpi	DEBUG	Calling bootstrap method shutdown on screenshots@mozilla.org version 10.12.0
1529438941529	addons.xpi	DEBUG	Calling bootstrap method shutdown on onboarding@mozilla.org version 0.1
1529438941529	addons.xpi	DEBUG	Calling bootstrap method shutdown on formautofill@mozilla.org version 1.0
1529438941529	addons.xpi	DEBUG	Calling bootstrap method shutdown on followonsearch@mozilla.com version 0.9.3
1529438941530	addons.xpi	DEBUG	Calling bootstrap method shutdown on firefox@getpocket.com version 1.0.5
1529438941530	addons.xpi	DEBUG	Calling bootstrap method shutdown on e10srollout@mozilla.org version 3.00
1529438941530	addons.xpi	DEBUG	Calling bootstrap method shutdown on clicktoplay-rollout@mozilla.org version 1.4
1529438941531	addons.xpi	DEBUG	Calling bootstrap method shutdown on aushelper@mozilla.org version 2.0
1529438941531	addons.xpi	DEBUG	Calling bootstrap method shutdown on activity-stream@mozilla.org version 0.0.0
[Parent 3152] WARNING: pipe error: 109: file z:/build/build/src/ipc/chromium/src/chrome/common/ipc_channel_win.cc, line 346
[Child 10204] WARNING: pipe error: 109: file z:/build/build/src/ipc/chromium/src/chrome/common/ipc_channel_win.cc, line 346
[Child 10204] WARNING: 1529438941674	addons.manager	DEBUG	shutdown
1529438941674	addons.manager	DEBUG	Calling shutdown blocker for XPIProvider
1529438941675	addons.xpi	DEBUG	shutdown
1529438941675	addons.xpi-utils	DEBUG	shutdown
1529438941675	addons.manager	DEBUG	Calling shutdown blocker for LightweightThemeManager
1529438941675	addons.manager	DEBUG	Calling shutdown blocker for GMPProvider
1529438941676	addons.manager	DEBUG	Calling shutdown blocker for PluginProvider
1529438941676	addons.manager	DEBUG	Calling shutdown blocker for PreviousExperimentProvider
1529438941676	addons.manager	DEBUG	Calling shutdown blocker for <unnamed-provider>
1529438941684	addons.manager	DEBUG	Async provider shutdown done
*** UTM:SVC TimerManager:registerTimer called after profile-before-change notification. Ignoring timer registration for id: telemetry_modules_ping

###!!! [Child][MessageChannel::SendAndWait] Error: Channel error: cannot send/recv

